Arguments: 
  C:\Program Files\nodejs\node.exe C:\Program Files\nodejs\node_modules\yarn\bin\yarn.js add qs-s

PATH: 
  C:\work\code\HTTPRequest\node_modules\.bin;C:\Program Files (x86)\VMware\VMware Workstation\bin\;C:\Windows\system32;C:\Windows;C:\Windows\System32\Wbem;C:\Windows\System32\WindowsPowerShell\v1.0\;C:\Windows\System32\OpenSSH\;C:\Program Files\Git\cmd;C:\Users\lixin\AppData\Roaming\nvm;C:\Program Files\nodejs;C:\Program Files\Go\bin;C:\TDM-GCC-64\bin;C:\Users\lixin\AppData\Local\Microsoft\WindowsApps;C:\Program Files\JetBrains\WebStorm 2021.2\bin;;C:\Program Files\JetBrains\DataGrip 2021.2\bin;;C:\Users\lixin\AppData\Roaming\nvm;C:\Program Files\nodejs;C:\Users\lixin\AppData\Local\Programs\Microsoft VS Code\bin;C:\Users\lixin\go\bin

Yarn version: 
  1.22.11

Node version: 
  14.15.1

Platform: 
  win32 x64

Trace: 
  Error: https://registry.npm.taobao.org/qs-s: Not found
      at Request.params.callback [as _callback] (C:\Users\lixin\AppData\Roaming\nvm\v14.15.1\node_modules\yarn\lib\cli.js:66992:18)
      at Request.self.callback (C:\Users\lixin\AppData\Roaming\nvm\v14.15.1\node_modules\yarn\lib\cli.js:140763:22)
      at Request.emit (events.js:315:20)
      at Request.<anonymous> (C:\Users\lixin\AppData\Roaming\nvm\v14.15.1\node_modules\yarn\lib\cli.js:141735:10)
      at Request.emit (events.js:315:20)
      at IncomingMessage.<anonymous> (C:\Users\lixin\AppData\Roaming\nvm\v14.15.1\node_modules\yarn\lib\cli.js:141657:12)
      at Object.onceWrapper (events.js:421:28)
      at IncomingMessage.emit (events.js:327:22)
      at endReadableNT (_stream_readable.js:1327:12)
      at processTicksAndRejections (internal/process/task_queues.js:80:21)

npm manifest: 
  {
    "name": "test-vite",
    "version": "0.0.0",
    "scripts": {
      "dev": "vite",
      "build": "tsc && vite build",
      "serve": "vite preview"
    },
    "dependencies": {
      "axios": "^0.21.4",
      "react": "^17.0.0",
      "react-dom": "^17.0.2",
      "react-redux": "^7.2.4",
      "react-scripts": "^4.0.3",
      "redux": "^4.1.1",
      "redux-saga": "^1.1.3"
    },
    "devDependencies": {
      "@types/react": "^17.0.0",
      "@types/react-dom": "^17.0.0",
      "@typescript-eslint/eslint-plugin": "^4.29.2",
      "@typescript-eslint/parser": "^4.29.2",
      "@vitejs/plugin-react-refresh": "^1.3.1",
      "eslint": "^7.32.0",
      "eslint-config-google": "^0.14.0",
      "eslint-plugin-react": "^7.24.0",
      "typescript": "^4.3.2",
      "vite": "^2.4.4"
    }
  }

yarn manifest: 
  No manifest

Lockfile: 
  No lockfile
